Start time: 16:04:09 on Feb 20,2025
qverilog testbench.sv 
-- Compiling module dff
-- Compiling interface inf
-- Compiling package testbench_sv_unit
-- Compiling program test
-- Compiling module tb

Top level modules:
	tb
# vsim testbench_sv_unit tb -c -do "run -all; quit -f" -appendlog -l qverilog.log -vopt 
# ** Note: (vsim-8009) Loading existing optimized design _opt1
# //  Questa Sim-64
# //  Version 10.6b linux_x86_64 May 25 2017
# //
# //  Copyright 1991-2017 Mentor Graphics Corporation
# //  All Rights Reserved.
# //
# //  QuestaSim and its associated documentation contain trade
# //  secrets and commercial or financial information that are the property of
# //  Mentor Graphics Corporation and are privileged, confidential,
# //  and exempt from disclosure under the Freedom of Information Act,
# //  5 U.S.C. Section 552. Furthermore, this information
# //  is prohibited from disclosure under the Trade Secrets Act,
# //  18 U.S.C. Section 1905.
# //
# Loading sv_std.std
# Loading work.testbench_sv_unit(fast)
# Loading work.tb(fast)
# Loading work.test(fast)
# Loading work.inf(fast)
# run -all
# ------------------------
# - [ Driver ]
# ------------------------
#  d = 1, reset = 0
#   q = 0 
# ------------------------
# ------------------------
# - [ Driver ]
# ------------------------
#  d = 1, reset = 1
#   q = 0 
# ------------------------
# ------------------------
# - [MONITOR]
# ------------------------
#  d = 1, reset = 0
#   q = 1 
# ------------------------
# [Result as expected]
# ------------------------
# - [SCOREBOARD]
# ------------------------
#  d = 1, reset = 0
#   q = 1 
# ------------------------
# ------------------------
# - [MONITOR]
# ------------------------
#  d = 1, reset = 1
#   q = 0 
# ------------------------
# [Result as expected]
# ------------------------
# - [SCOREBOARD]
# ------------------------
#  d = 1, reset = 1
#   q = 0 
# ------------------------
# ** Note: $finish    : environment.sv(47)
#    Time: 75 ns  Iteration: 1  Instance: /tb/t1
# End time: 16:04:10 on Feb 20,2025, Elapsed time: 0:00:01
# Errors: 0, Warnings: 0
