Start time: 13:52:44 on Feb 21,2025
qverilog testbench.sv 
-- Compiling interface inf
-- Compiling package testbench_sv_unit
-- Compiling program test
-- Compiling module adder
-- Compiling module tb

Top level modules:
	tb
# vsim testbench_sv_unit tb -c -do "run -all; quit -f" -appendlog -l qverilog.log -vopt 
# ** Note: (vsim-3813) Design is being optimized due to module recompilation...
# //  Questa Sim-64
# //  Version 10.6b linux_x86_64 May 25 2017
# //
# //  Copyright 1991-2017 Mentor Graphics Corporation
# //  All Rights Reserved.
# //
# //  QuestaSim and its associated documentation contain trade
# //  secrets and commercial or financial information that are the property of
# //  Mentor Graphics Corporation and are privileged, confidential,
# //  and exempt from disclosure under the Freedom of Information Act,
# //  5 U.S.C. Section 552. Furthermore, this information
# //  is prohibited from disclosure under the Trade Secrets Act,
# //  18 U.S.C. Section 1905.
# //
# Loading sv_std.std
# Loading work.testbench_sv_unit(fast)
# Loading work.tb(fast)
# Loading work.test(fast)
# Loading work.inf(fast)
# run -all
# -----------------------
# - [DRIVER] 
# -----------------------
# - a = 12, b = 3
#  cout = 0, sum = 0
# -----------------------
# -----------------------
# - [DRIVER] 
# -----------------------
# - a = 13, b = 10
#  cout = 0, sum = 0
# -----------------------
# -----------------------
# - [DRIVER] 
# -----------------------
# - a = 6, b = 0
#  cout = 0, sum = 0
# -----------------------
# -----------------------
# - [DRIVER] 
# -----------------------
# - a = 15, b = 4
#  cout = 0, sum = 0
# -----------------------
# -----------------------
# - [DRIVER] 
# -----------------------
# - a = 6, b = 8
#  cout = 0, sum = 0
# -----------------------
# -----------------------
# - [DRIVER] 
# -----------------------
# - a = 13, b = 1
#  cout = 0, sum = 0
# -----------------------
# -----------------------
# - [DRIVER] 
# -----------------------
# - a = 3, b = 11
#  cout = 0, sum = 0
# -----------------------
# -----------------------
# - [DRIVER] 
# -----------------------
# - a = 15, b = 7
#  cout = 0, sum = 0
# -----------------------
# -----------------------
# - [DRIVER] 
# -----------------------
# - a = 0, b = 12
#  cout = 0, sum = 0
# -----------------------
# -----------------------
# - [DRIVER] 
# -----------------------
# - a = 2, b = 14
#  cout = 0, sum = 0
# -----------------------
# -----------------------
# - [Monitor] 
# -----------------------
# - a = 0, b = 0
#  cout = 0, sum = 0
# -----------------------
# Display as expected
# -----------------------
# - [Scoreboard] 
# -----------------------
# - a = 0, b = 0
#  cout = 0, sum = 0
# -----------------------
# a = 10, b = 1110, cout = 1, sum = 0
# -----------------------
# - [Monitor] 
# -----------------------
# - a = 2, b = 14
#  cout = 1, sum = 0
# -----------------------
# Display as expected
# -----------------------
# - [Scoreboard] 
# -----------------------
# - a = 2, b = 14
#  cout = 1, sum = 0
# -----------------------
# -----------------------
# - [Monitor] 
# -----------------------
# - a = 2, b = 14
#  cout = 1, sum = 0
# -----------------------
# Display as expected
# -----------------------
# - [Scoreboard] 
# -----------------------
# - a = 2, b = 14
#  cout = 1, sum = 0
# -----------------------
# -----------------------
# - [Monitor] 
# -----------------------
# - a = 2, b = 14
#  cout = 1, sum = 0
# -----------------------
# Display as expected
# -----------------------
# - [Scoreboard] 
# -----------------------
# - a = 2, b = 14
#  cout = 1, sum = 0
# -----------------------
# -----------------------
# - [Monitor] 
# -----------------------
# - a = 2, b = 14
#  cout = 1, sum = 0
# -----------------------
# Display as expected
# -----------------------
# - [Scoreboard] 
# -----------------------
# - a = 2, b = 14
#  cout = 1, sum = 0
# -----------------------
# -----------------------
# - [Monitor] 
# -----------------------
# - a = 2, b = 14
#  cout = 1, sum = 0
# -----------------------
# Display as expected
# -----------------------
# - [Scoreboard] 
# -----------------------
# - a = 2, b = 14
#  cout = 1, sum = 0
# -----------------------
# -----------------------
# - [Monitor] 
# -----------------------
# - a = 2, b = 14
#  cout = 1, sum = 0
# -----------------------
# Display as expected
# -----------------------
# - [Scoreboard] 
# -----------------------
# - a = 2, b = 14
#  cout = 1, sum = 0
# -----------------------
# -----------------------
# - [Monitor] 
# -----------------------
# - a = 2, b = 14
#  cout = 1, sum = 0
# -----------------------
# Display as expected
# -----------------------
# - [Scoreboard] 
# -----------------------
# - a = 2, b = 14
#  cout = 1, sum = 0
# -----------------------
# -----------------------
# - [Monitor] 
# -----------------------
# - a = 2, b = 14
#  cout = 1, sum = 0
# -----------------------
# Display as expected
# -----------------------
# - [Scoreboard] 
# -----------------------
# - a = 2, b = 14
#  cout = 1, sum = 0
# -----------------------
# -----------------------
# - [Monitor] 
# -----------------------
# - a = 2, b = 14
#  cout = 1, sum = 0
# -----------------------
# Display as expected
# -----------------------
# - [Scoreboard] 
# -----------------------
# - a = 2, b = 14
#  cout = 1, sum = 0
# -----------------------
# ** Note: $finish    : environment.sv(45)
#    Time: 90 ns  Iteration: 0  Instance: /tb/t1
# End time: 13:52:45 on Feb 21,2025, Elapsed time: 0:00:01
# Errors: 0, Warnings: 0
