Start time: 15:46:55 on Feb 19,2025
qverilog testbench.sv 
-- Compiling module mux
-- Compiling interface inf
-- Compiling package testbench_sv_unit
-- Compiling program test
-- Compiling module tb

Top level modules:
	tb
# vsim testbench_sv_unit tb -c -do "run -all; quit -f" -appendlog -l qverilog.log -vopt 
# ** Note: (vsim-8009) Loading existing optimized design _opt1
# //  Questa Sim-64
# //  Version 10.6b linux_x86_64 May 25 2017
# //
# //  Copyright 1991-2017 Mentor Graphics Corporation
# //  All Rights Reserved.
# //
# //  QuestaSim and its associated documentation contain trade
# //  secrets and commercial or financial information that are the property of
# //  Mentor Graphics Corporation and are privileged, confidential,
# //  and exempt from disclosure under the Freedom of Information Act,
# //  5 U.S.C. Section 552. Furthermore, this information
# //  is prohibited from disclosure under the Trade Secrets Act,
# //  18 U.S.C. Section 1905.
# //
# Loading sv_std.std
# Loading work.testbench_sv_unit(fast)
# Loading work.tb(fast)
# Loading work.test(fast)
# Loading work.inf(fast)
# run -all
# a = xx, b = xx, c = xx, d = xx, sel = xx, out = xx
# -----------------------
#  -[DRIVER]
# -----------------------
#  a = 01, b = 00, c = 00, d = 11
#  sel = 11
# out = 00
# -----------------------
# a = 01, b = 00, c = 00, d = 11, sel = 11, out = 11
# -----------------------
#  -[MONITOR]
# -----------------------
#  a = 01, b = 00, c = 00, d = 11
#  sel = 11
# out = 11
# -----------------------
# -----------------------
#  -[DRIVER]
# -----------------------
#  a = 11, b = 10, c = 10, d = 11
#  sel = 11
# out = 00
# -----------------------
# Result as Expected
# -----------------------
#  -[SCOREBOARD]
# -----------------------
#  a = 01, b = 00, c = 00, d = 11
#  sel = 11
# out = 11
# -----------------------
# a = 11, b = 10, c = 10, d = 11, sel = 11, out = 11
# -----------------------
#  -[DRIVER]
# -----------------------
#  a = 11, b = 01, c = 00, d = 10
#  sel = 10
# out = 00
# -----------------------
# a = 11, b = 01, c = 00, d = 10, sel = 10, out = 00
# -----------------------
#  -[MONITOR]
# -----------------------
#  a = 11, b = 01, c = 00, d = 10
#  sel = 10
# out = 00
# -----------------------
# -----------------------
#  -[DRIVER]
# -----------------------
#  a = 00, b = 00, c = 01, d = 00
#  sel = 10
# out = 00
# -----------------------
# Result as Expected
# -----------------------
#  -[SCOREBOARD]
# -----------------------
#  a = 11, b = 01, c = 00, d = 10
#  sel = 10
# out = 00
# -----------------------
# a = 00, b = 00, c = 01, d = 00, sel = 10, out = 01
# -----------------------
#  -[DRIVER]
# -----------------------
#  a = 11, b = 11, c = 00, d = 00
#  sel = 11
# out = 00
# -----------------------
# a = 11, b = 11, c = 00, d = 00, sel = 11, out = 00
# -----------------------
#  -[MONITOR]
# -----------------------
#  a = 11, b = 11, c = 00, d = 00
#  sel = 11
# out = 00
# -----------------------
# -----------------------
#  -[DRIVER]
# -----------------------
#  a = 00, b = 01, c = 01, d = 11
#  sel = 01
# out = 00
# -----------------------
# Result as Expected
# -----------------------
#  -[SCOREBOARD]
# -----------------------
#  a = 11, b = 11, c = 00, d = 00
#  sel = 11
# out = 00
# -----------------------
# a = 00, b = 01, c = 01, d = 11, sel = 01, out = 01
# -----------------------
#  -[DRIVER]
# -----------------------
#  a = 01, b = 00, c = 00, d = 00
#  sel = 10
# out = 00
# -----------------------
# a = 01, b = 00, c = 00, d = 00, sel = 10, out = 00
# -----------------------
#  -[MONITOR]
# -----------------------
#  a = 01, b = 00, c = 00, d = 00
#  sel = 10
# out = 00
# -----------------------
# -----------------------
#  -[DRIVER]
# -----------------------
#  a = 01, b = 10, c = 01, d = 11
#  sel = 11
# out = 00
# -----------------------
# Result as Expected
# -----------------------
#  -[SCOREBOARD]
# -----------------------
#  a = 01, b = 00, c = 00, d = 00
#  sel = 10
# out = 00
# -----------------------
# a = 01, b = 10, c = 01, d = 11, sel = 11, out = 11
# -----------------------
#  -[DRIVER]
# -----------------------
#  a = 10, b = 10, c = 01, d = 01
#  sel = 10
# out = 00
# -----------------------
# a = 10, b = 10, c = 01, d = 01, sel = 10, out = 01
# -----------------------
#  -[MONITOR]
# -----------------------
#  a = 10, b = 10, c = 01, d = 01
#  sel = 10
# out = 01
# -----------------------
# -----------------------
#  -[DRIVER]
# -----------------------
#  a = 11, b = 11, c = 10, d = 00
#  sel = 11
# out = 00
# -----------------------
# Result as Expected
# -----------------------
#  -[SCOREBOARD]
# -----------------------
#  a = 10, b = 10, c = 01, d = 01
#  sel = 10
# out = 01
# -----------------------
# a = 11, b = 11, c = 10, d = 00, sel = 11, out = 00
# -----------------------
#  -[MONITOR]
# -----------------------
#  a = 11, b = 11, c = 10, d = 00
#  sel = 11
# out = 00
# -----------------------
# Result as Expected
# -----------------------
#  -[SCOREBOARD]
# -----------------------
#  a = 11, b = 11, c = 10, d = 00
#  sel = 11
# out = 00
# -----------------------
# -----------------------
#  -[MONITOR]
# -----------------------
#  a = 11, b = 11, c = 10, d = 00
#  sel = 11
# out = 00
# -----------------------
# Result as Expected
# -----------------------
#  -[SCOREBOARD]
# -----------------------
#  a = 11, b = 11, c = 10, d = 00
#  sel = 11
# out = 00
# -----------------------
# -----------------------
#  -[MONITOR]
# -----------------------
#  a = 11, b = 11, c = 10, d = 00
#  sel = 11
# out = 00
# -----------------------
# Result as Expected
# -----------------------
#  -[SCOREBOARD]
# -----------------------
#  a = 11, b = 11, c = 10, d = 00
#  sel = 11
# out = 00
# -----------------------
# -----------------------
#  -[MONITOR]
# -----------------------
#  a = 11, b = 11, c = 10, d = 00
#  sel = 11
# out = 00
# -----------------------
# Result as Expected
# -----------------------
#  -[SCOREBOARD]
# -----------------------
#  a = 11, b = 11, c = 10, d = 00
#  sel = 11
# out = 00
# -----------------------
# -----------------------
#  -[MONITOR]
# -----------------------
#  a = 11, b = 11, c = 10, d = 00
#  sel = 11
# out = 00
# -----------------------
# Result as Expected
# -----------------------
#  -[SCOREBOARD]
# -----------------------
#  a = 11, b = 11, c = 10, d = 00
#  sel = 11
# out = 00
# -----------------------
# ** Note: $finish    : environment.sv(47)
#    Time: 20 ns  Iteration: 0  Instance: /tb/t1
# End time: 15:46:57 on Feb 19,2025, Elapsed time: 0:00:02
# Errors: 0, Warnings: 0
